build/app/intermediates/manifest_merge_blame_file/release/manifest-merger-blame-release-report.txt
1<?xml version="1.0" encoding="utf-8"?>
2<manifest xmlns:android="http://schemas.android.com/apk/res/android"
3    package="com.fss.rttv"
4    android:versionCode="4001"
5    android:versionName="1.0.0" >
6
7    <uses-sdk
8        android:minSdkVersion="19"
8-->src\main\AndroidManifest.xml
9        android:targetSdkVersion="31" />
9-->src\main\AndroidManifest.xml
10
11    <queries>
11-->[:flutter_inappwebview] AndroidManifest.xml:9:5-13:15
12        <intent>
12-->[:flutter_inappwebview] AndroidManifest.xml:10:9-12:18
13            <action android:name="android.support.customtabs.action.CustomTabsService" />
13-->[:flutter_inappwebview] AndroidManifest.xml:11:13-90
13-->[:flutter_inappwebview] AndroidManifest.xml:11:21-87
14        </intent>
15    </queries>
16
17    <uses-permission android:name="android.permission.INTERNET" />
17-->[com.google.firebase:firebase-auth:21.1.0] AndroidManifest.xml:23:5-67
17-->[com.google.firebase:firebase-auth:21.1.0] AndroidManifest.xml:23:22-64
18    <uses-permission android:name="android.permission.ACCESS_NETWORK_STATE" />
18-->[com.google.firebase:firebase-auth:21.1.0] AndroidManifest.xml:24:5-79
18-->[com.google.firebase:firebase-auth:21.1.0] AndroidManifest.xml:24:22-76
19
20    <application
21        android:name="android.app.Application"
21-->src\main\AndroidManifest.xml:5:9-42
22        android:appComponentFactory="androidx.core.app.CoreComponentFactory"
22-->[androidx.core:core:1.8.0] AndroidManifest.xml:24:18-86
23        android:icon="@mipmap/ic_launcher"
23-->src\main\AndroidManifest.xml:6:9-43
24        android:label="rttv" >
24-->src\main\AndroidManifest.xml:4:9-29
25        <activity
25-->src\main\AndroidManifest.xml:7:9-27:20
26            android:name="com.fss.rttv.MainActivity"
26-->src\main\AndroidManifest.xml:8:13-41
27            android:configChanges="orientation|keyboardHidden|keyboard|screenSize|smallestScreenSize|locale|layoutDirection|fontScale|screenLayout|density|uiMode"
27-->src\main\AndroidManifest.xml:12:13-163
28            android:exported="true"
28-->src\main\AndroidManifest.xml:9:13-36
29            android:hardwareAccelerated="true"
29-->src\main\AndroidManifest.xml:13:13-47
30            android:launchMode="singleTop"
30-->src\main\AndroidManifest.xml:10:13-43
31            android:theme="@style/LaunchTheme"
31-->src\main\AndroidManifest.xml:11:13-47
32            android:windowSoftInputMode="adjustResize" >
32-->src\main\AndroidManifest.xml:14:13-55
33
34            <!--
35                 Specifies an Android theme to apply to this Activity as soon as
36                 the Android process has started. This theme is visible to the user
37                 while the Flutter UI initializes. After that, this theme continues
38                 to determine the Window background behind the Flutter UI.
39            -->
40            <meta-data
40-->src\main\AndroidManifest.xml:19:13-22:17
41                android:name="io.flutter.embedding.android.NormalTheme"
41-->src\main\AndroidManifest.xml:20:15-70
42                android:resource="@style/NormalTheme" />
42-->src\main\AndroidManifest.xml:21:15-52
43
44            <intent-filter>
44-->src\main\AndroidManifest.xml:23:13-26:29
45                <action android:name="android.intent.action.MAIN" />
45-->src\main\AndroidManifest.xml:24:17-68
45-->src\main\AndroidManifest.xml:24:25-66
46
47                <category android:name="android.intent.category.LAUNCHER" />
47-->src\main\AndroidManifest.xml:25:17-76
47-->src\main\AndroidManifest.xml:25:27-74
48            </intent-filter>
49        </activity>
50        <!--
51             Don't delete the meta-data below.
52             This is used by the Flutter tool to generate GeneratedPluginRegistrant.java
53        -->
54        <meta-data
54-->src\main\AndroidManifest.xml:30:9-32:33
55            android:name="flutterEmbedding"
55-->src\main\AndroidManifest.xml:31:13-44
56            android:value="2" />
56-->src\main\AndroidManifest.xml:32:13-30
57
58        <service
58-->[:firebase_auth] AndroidManifest.xml:10:9-14:19
59            android:name="com.google.firebase.components.ComponentDiscoveryService"
59-->[:firebase_auth] AndroidManifest.xml:10:18-89
60            android:directBootAware="true"
60-->[com.google.firebase:firebase-common:20.2.0] AndroidManifest.xml:34:13-43
61            android:exported="false" >
61-->[com.google.firebase:firebase-auth:21.1.0] AndroidManifest.xml:66:13-37
62            <meta-data
62-->[:firebase_auth] AndroidManifest.xml:11:13-13:85
63                android:name="com.google.firebase.components:io.flutter.plugins.firebase.auth.FlutterFirebaseAuthRegistrar"
63-->[:firebase_auth] AndroidManifest.xml:12:17-124
64                android:value="com.google.firebase.components.ComponentRegistrar" />
64-->[:firebase_auth] AndroidManifest.xml:13:17-82
65            <meta-data
65-->[:cloud_firestore] AndroidManifest.xml:11:13-13:85
66                android:name="com.google.firebase.components:io.flutter.plugins.firebase.firestore.FlutterFirebaseFirestoreRegistrar"
66-->[:cloud_firestore] AndroidManifest.xml:12:17-134
67                android:value="com.google.firebase.components.ComponentRegistrar" />
67-->[:cloud_firestore] AndroidManifest.xml:13:17-82
68            <meta-data
68-->[:firebase_core] AndroidManifest.xml:11:13-13:85
69                android:name="com.google.firebase.components:io.flutter.plugins.firebase.core.FlutterFirebaseCoreRegistrar"
69-->[:firebase_core] AndroidManifest.xml:12:17-124
70                android:value="com.google.firebase.components.ComponentRegistrar" />
70-->[:firebase_core] AndroidManifest.xml:13:17-82
71            <meta-data
71-->[com.google.firebase:firebase-auth:21.1.0] AndroidManifest.xml:67:13-69:85
72                android:name="com.google.firebase.components:com.google.firebase.auth.FirebaseAuthRegistrar"
72-->[com.google.firebase:firebase-auth:21.1.0] AndroidManifest.xml:68:17-109
73                android:value="com.google.firebase.components.ComponentRegistrar" />
73-->[com.google.firebase:firebase-auth:21.1.0] AndroidManifest.xml:69:17-82
74            <meta-data
74-->[com.google.firebase:firebase-firestore:24.4.0] AndroidManifest.xml:19:13-21:85
75                android:name="com.google.firebase.components:com.google.firebase.firestore.FirestoreRegistrar"
75-->[com.google.firebase:firebase-firestore:24.4.0] AndroidManifest.xml:20:17-111
76                android:value="com.google.firebase.components.ComponentRegistrar" />
76-->[com.google.firebase:firebase-firestore:24.4.0] AndroidManifest.xml:21:17-82
77        </service>
78
79        <activity
79-->[:flutter_inappwebview] AndroidManifest.xml:16:9-20:47
80            android:name="com.pichillilorenzo.flutter_inappwebview.in_app_browser.InAppBrowserActivity"
80-->[:flutter_inappwebview] AndroidManifest.xml:17:13-104
81            android:configChanges="orientation|keyboardHidden|keyboard|screenSize|locale|layoutDirection|fontScale|screenLayout|density"
81-->[:flutter_inappwebview] AndroidManifest.xml:18:13-137
82            android:exported="false"
82-->[:flutter_inappwebview] AndroidManifest.xml:19:13-37
83            android:theme="@style/AppTheme" />
83-->[:flutter_inappwebview] AndroidManifest.xml:20:13-44
84        <activity
84-->[:flutter_inappwebview] AndroidManifest.xml:21:9-24:55
85            android:name="com.pichillilorenzo.flutter_inappwebview.chrome_custom_tabs.ChromeCustomTabsActivity"
85-->[:flutter_inappwebview] AndroidManifest.xml:22:13-112
86            android:exported="false"
86-->[:flutter_inappwebview] AndroidManifest.xml:23:13-37
87            android:theme="@style/ThemeTransparent" />
87-->[:flutter_inappwebview] AndroidManifest.xml:24:13-52
88        <activity
88-->[:flutter_inappwebview] AndroidManifest.xml:25:9-28:55
89            android:name="com.pichillilorenzo.flutter_inappwebview.chrome_custom_tabs.TrustedWebActivity"
89-->[:flutter_inappwebview] AndroidManifest.xml:26:13-106
90            android:exported="false"
90-->[:flutter_inappwebview] AndroidManifest.xml:27:13-37
91            android:theme="@style/ThemeTransparent" />
91-->[:flutter_inappwebview] AndroidManifest.xml:28:13-52
92        <activity
92-->[:flutter_inappwebview] AndroidManifest.xml:29:9-33:55
93            android:name="com.pichillilorenzo.flutter_inappwebview.chrome_custom_tabs.ChromeCustomTabsActivitySingleInstance"
93-->[:flutter_inappwebview] AndroidManifest.xml:30:13-126
94            android:exported="false"
94-->[:flutter_inappwebview] AndroidManifest.xml:31:13-37
95            android:launchMode="singleInstance"
95-->[:flutter_inappwebview] AndroidManifest.xml:32:13-48
96            android:theme="@style/ThemeTransparent" />
96-->[:flutter_inappwebview] AndroidManifest.xml:33:13-52
97        <activity
97-->[:flutter_inappwebview] AndroidManifest.xml:34:9-38:55
98            android:name="com.pichillilorenzo.flutter_inappwebview.chrome_custom_tabs.TrustedWebActivitySingleInstance"
98-->[:flutter_inappwebview] AndroidManifest.xml:35:13-120
99            android:exported="false"
99-->[:flutter_inappwebview] AndroidManifest.xml:36:13-37
100            android:launchMode="singleInstance"
100-->[:flutter_inappwebview] AndroidManifest.xml:37:13-48
101            android:theme="@style/ThemeTransparent" />
101-->[:flutter_inappwebview] AndroidManifest.xml:38:13-52
102
103        <receiver
103-->[:flutter_inappwebview] AndroidManifest.xml:40:9-43:40
104            android:name="com.pichillilorenzo.flutter_inappwebview.chrome_custom_tabs.ActionBroadcastReceiver"
104-->[:flutter_inappwebview] AndroidManifest.xml:41:13-111
105            android:enabled="true"
105-->[:flutter_inappwebview] AndroidManifest.xml:42:13-35
106            android:exported="false" />
106-->[:flutter_inappwebview] AndroidManifest.xml:43:13-37
107
108        <meta-data
108-->[:flutter_inappwebview] AndroidManifest.xml:45:9-47:36
109            android:name="io.flutter.embedded_views_preview"
109-->[:flutter_inappwebview] AndroidManifest.xml:46:13-61
110            android:value="true" />
110-->[:flutter_inappwebview] AndroidManifest.xml:47:13-33
111
112        <uses-library
112-->[androidx.window:window:1.0.0-beta04] AndroidManifest.xml:25:9-27:40
113            android:name="androidx.window.extensions"
113-->[androidx.window:window:1.0.0-beta04] AndroidManifest.xml:26:13-54
114            android:required="false" />
114-->[androidx.window:window:1.0.0-beta04] AndroidManifest.xml:27:13-37
115        <uses-library
115-->[androidx.window:window:1.0.0-beta04] AndroidManifest.xml:28:9-30:40
116            android:name="androidx.window.sidecar"
116-->[androidx.window:window:1.0.0-beta04] AndroidManifest.xml:29:13-51
117            android:required="false" />
117-->[androidx.window:window:1.0.0-beta04] AndroidManifest.xml:30:13-37
118
119        <activity
119-->[com.google.firebase:firebase-auth:21.1.0] AndroidManifest.xml:27:9-44:20
120            android:name="com.google.firebase.auth.internal.GenericIdpActivity"
120-->[com.google.firebase:firebase-auth:21.1.0] AndroidManifest.xml:28:13-80
121            android:excludeFromRecents="true"
121-->[com.google.firebase:firebase-auth:21.1.0] AndroidManifest.xml:29:13-46
122            android:exported="true"
122-->[com.google.firebase:firebase-auth:21.1.0] AndroidManifest.xml:30:13-36
123            android:launchMode="singleTask"
123-->[com.google.firebase:firebase-auth:21.1.0] AndroidManifest.xml:31:13-44
124            android:theme="@android:style/Theme.Translucent.NoTitleBar" >
124-->[com.google.firebase:firebase-auth:21.1.0] AndroidManifest.xml:32:13-72
125            <intent-filter>
125-->[com.google.firebase:firebase-auth:21.1.0] AndroidManifest.xml:33:13-43:29
126                <action android:name="android.intent.action.VIEW" />
126-->[com.google.firebase:firebase-auth:21.1.0] AndroidManifest.xml:34:17-69
126-->[com.google.firebase:firebase-auth:21.1.0] AndroidManifest.xml:34:25-66
127
128                <category android:name="android.intent.category.DEFAULT" />
128-->[com.google.firebase:firebase-auth:21.1.0] AndroidManifest.xml:36:17-76
128-->[com.google.firebase:firebase-auth:21.1.0] AndroidManifest.xml:36:27-73
129                <category android:name="android.intent.category.BROWSABLE" />
129-->[com.google.firebase:firebase-auth:21.1.0] AndroidManifest.xml:37:17-78
129-->[com.google.firebase:firebase-auth:21.1.0] AndroidManifest.xml:37:27-75
130
131                <data
131-->[com.google.firebase:firebase-auth:21.1.0] AndroidManifest.xml:39:17-42:51
132                    android:host="firebase.auth"
132-->[com.google.firebase:firebase-auth:21.1.0] AndroidManifest.xml:40:21-49
133                    android:path="/"
133-->[com.google.firebase:firebase-auth:21.1.0] AndroidManifest.xml:41:21-37
134                    android:scheme="genericidp" />
134-->[com.google.firebase:firebase-auth:21.1.0] AndroidManifest.xml:42:21-48
135            </intent-filter>
136        </activity>
137        <activity
137-->[com.google.firebase:firebase-auth:21.1.0] AndroidManifest.xml:45:9-62:20
138            android:name="com.google.firebase.auth.internal.RecaptchaActivity"
138-->[com.google.firebase:firebase-auth:21.1.0] AndroidManifest.xml:46:13-79
139            android:excludeFromRecents="true"
139-->[com.google.firebase:firebase-auth:21.1.0] AndroidManifest.xml:47:13-46
140            android:exported="true"
140-->[com.google.firebase:firebase-auth:21.1.0] AndroidManifest.xml:48:13-36
141            android:launchMode="singleTask"
141-->[com.google.firebase:firebase-auth:21.1.0] AndroidManifest.xml:49:13-44
142            android:theme="@android:style/Theme.Translucent.NoTitleBar" >
142-->[com.google.firebase:firebase-auth:21.1.0] AndroidManifest.xml:50:13-72
143            <intent-filter>
143-->[com.google.firebase:firebase-auth:21.1.0] AndroidManifest.xml:51:13-61:29
144                <action android:name="android.intent.action.VIEW" />
144-->[com.google.firebase:firebase-auth:21.1.0] AndroidManifest.xml:34:17-69
144-->[com.google.firebase:firebase-auth:21.1.0] AndroidManifest.xml:34:25-66
145
146                <category android:name="android.intent.category.DEFAULT" />
146-->[com.google.firebase:firebase-auth:21.1.0] AndroidManifest.xml:36:17-76
146-->[com.google.firebase:firebase-auth:21.1.0] AndroidManifest.xml:36:27-73
147                <category android:name="android.intent.category.BROWSABLE" />
147-->[com.google.firebase:firebase-auth:21.1.0] AndroidManifest.xml:37:17-78
147-->[com.google.firebase:firebase-auth:21.1.0] AndroidManifest.xml:37:27-75
148
149                <data
149-->[com.google.firebase:firebase-auth:21.1.0] AndroidManifest.xml:39:17-42:51
150                    android:host="firebase.auth"
150-->[com.google.firebase:firebase-auth:21.1.0] AndroidManifest.xml:40:21-49
151                    android:path="/"
151-->[com.google.firebase:firebase-auth:21.1.0] AndroidManifest.xml:41:21-37
152                    android:scheme="recaptcha" />
152-->[com.google.firebase:firebase-auth:21.1.0] AndroidManifest.xml:42:21-48
153            </intent-filter>
154        </activity>
155
156        <provider
156-->[com.google.firebase:firebase-common:20.2.0] AndroidManifest.xml:25:9-30:39
157            android:name="com.google.firebase.provider.FirebaseInitProvider"
157-->[com.google.firebase:firebase-common:20.2.0] AndroidManifest.xml:26:13-77
158            android:authorities="com.fss.rttv.firebaseinitprovider"
158-->[com.google.firebase:firebase-common:20.2.0] AndroidManifest.xml:27:13-72
159            android:directBootAware="true"
159-->[com.google.firebase:firebase-common:20.2.0] AndroidManifest.xml:28:13-43
160            android:exported="false"
160-->[com.google.firebase:firebase-common:20.2.0] AndroidManifest.xml:29:13-37
161            android:initOrder="100" />
161-->[com.google.firebase:firebase-common:20.2.0] AndroidManifest.xml:30:13-36
162
163        <activity
163-->[com.google.android.gms:play-services-base:18.0.1] AndroidManifest.xml:20:9-22:45
164            android:name="com.google.android.gms.common.api.GoogleApiActivity"
164-->[com.google.android.gms:play-services-base:18.0.1] AndroidManifest.xml:20:19-85
165            android:exported="false"
165-->[com.google.android.gms:play-services-base:18.0.1] AndroidManifest.xml:22:19-43
166            android:theme="@android:style/Theme.Translucent.NoTitleBar" />
166-->[com.google.android.gms:play-services-base:18.0.1] AndroidManifest.xml:21:19-78
167
168        <meta-data
168-->[com.google.android.gms:play-services-basement:18.1.0] AndroidManifest.xml:21:9-23:69
169            android:name="com.google.android.gms.version"
169-->[com.google.android.gms:play-services-basement:18.1.0] AndroidManifest.xml:22:13-58
170            android:value="@integer/google_play_services_version" />
170-->[com.google.android.gms:play-services-basement:18.1.0] AndroidManifest.xml:23:13-66
171
172        <provider
172-->[androidx.emoji2:emoji2:1.2.0] AndroidManifest.xml:24:9-32:20
173            android:name="androidx.startup.InitializationProvider"
173-->[androidx.emoji2:emoji2:1.2.0] AndroidManifest.xml:25:13-67
174            android:authorities="com.fss.rttv.androidx-startup"
174-->[androidx.emoji2:emoji2:1.2.0] AndroidManifest.xml:26:13-68
175            android:exported="false" >
175-->[androidx.emoji2:emoji2:1.2.0] AndroidManifest.xml:27:13-37
176            <meta-data
176-->[androidx.emoji2:emoji2:1.2.0] AndroidManifest.xml:29:13-31:52
177                android:name="androidx.emoji2.text.EmojiCompatInitializer"
177-->[androidx.emoji2:emoji2:1.2.0] AndroidManifest.xml:30:17-75
178                android:value="androidx.startup" />
178-->[androidx.emoji2:emoji2:1.2.0] AndroidManifest.xml:31:17-49
179            <meta-data
179-->[androidx.lifecycle:lifecycle-process:2.4.1] AndroidManifest.xml:31:13-33:52
180                android:name="androidx.lifecycle.ProcessLifecycleInitializer"
180-->[androidx.lifecycle:lifecycle-process:2.4.1] AndroidManifest.xml:32:17-78
181                android:value="androidx.startup" />
181-->[androidx.lifecycle:lifecycle-process:2.4.1] AndroidManifest.xml:33:17-49
182        </provider>
183    </application>
184
185</manifest>